2022-04-28 17:01:48,012 [1] INFO Microsoft.Hosting.Lifetime - Application started. Press Ctrl+C to shut down.
2022-04-28 17:01:48,032 [1] INFO Microsoft.Hosting.Lifetime - Hosting environment: Development
2022-04-28 17:01:48,037 [1] INFO Microsoft.Hosting.Lifetime - Content root path: C:\Projects\Test\dotnetcore-log4net-webapi\dotnetcore-log4net-webapi
2022-04-28 17:01:56,450 [4] INFO dotnetcore_log4net_webapi.Controllers.WeatherForecastController - API called. This is INFO message.
2022-04-28 17:01:56,475 [4] WARN dotnetcore_log4net_webapi.Controllers.WeatherForecastController - API called. This is WARN message.
2022-04-28 17:01:56,478 [4] ERROR dotnetcore_log4net_webapi.Controllers.WeatherForecastController - API called. This is ERROR message.
2022-05-02 07:13:19,054 [1] INFO Microsoft.Hosting.Lifetime - Application started. Press Ctrl+C to shut down.
2022-05-02 07:13:19,447 [1] INFO Microsoft.Hosting.Lifetime - Hosting environment: Development
2022-05-02 07:13:19,459 [1] INFO Microsoft.Hosting.Lifetime - Content root path: C:\Projects\Test\dotnetcore-log4net-webapi\dotnetcore-log4net-webapi
2022-05-02 07:13:28,581 [8] INFO dotnetcore_log4net_webapi.Controllers.WeatherForecastController - API called. This is INFO message.
2022-05-02 07:13:28,612 [8] WARN dotnetcore_log4net_webapi.Controllers.WeatherForecastController - API called. This is WARN message.
2022-05-02 07:13:28,616 [8] ERROR dotnetcore_log4net_webapi.Controllers.WeatherForecastController - API called. This is ERROR message.
2022-05-02 07:33:54,924 [1] INFO Microsoft.Hosting.Lifetime - Application started. Press Ctrl+C to shut down.
2022-05-02 07:33:55,165 [1] INFO Microsoft.Hosting.Lifetime - Hosting environment: Development
2022-05-02 07:33:55,169 [1] INFO Microsoft.Hosting.Lifetime - Content root path: C:\Projects\Test\dotnetcore-log4net-webapi\dotnetcore-log4net-webapi
2022-05-02 07:34:00,731 [15] INFO dotnetcore_log4net_webapi.Controllers.WeatherForecastController - API called. This is INFO message.
2022-05-02 07:34:00,758 [15] WARN dotnetcore_log4net_webapi.Controllers.WeatherForecastController - API called. This is WARN message.
2022-05-02 07:34:00,762 [15] ERROR dotnetcore_log4net_webapi.Controllers.WeatherForecastController - API called. This is ERROR message.
2022-05-02 07:36:14,144 [1] INFO Microsoft.Hosting.Lifetime - Application started. Press Ctrl+C to shut down.
2022-05-02 07:36:14,308 [1] INFO Microsoft.Hosting.Lifetime - Hosting environment: Development
2022-05-02 07:36:14,314 [1] INFO Microsoft.Hosting.Lifetime - Content root path: C:\Projects\Test\dotnetcore-log4net-webapi\dotnetcore-log4net-webapi
2022-05-02 07:36:43,998 [20] INFO dotnetcore_log4net_webapi.Controllers.WeatherForecastController - API called. This is INFO message.
2022-05-02 07:36:44,027 [20] WARN dotnetcore_log4net_webapi.Controllers.WeatherForecastController - API called. This is WARN message.
2022-05-02 07:36:44,030 [20] ERROR dotnetcore_log4net_webapi.Controllers.WeatherForecastController - API called. This is ERROR message.
2022-05-02 07:38:41,184 [1] INFO Microsoft.Hosting.Lifetime - Application started. Press Ctrl+C to shut down.
2022-05-02 07:38:41,552 [1] INFO Microsoft.Hosting.Lifetime - Hosting environment: Development
2022-05-02 07:38:41,557 [1] INFO Microsoft.Hosting.Lifetime - Content root path: C:\Projects\Test\dotnetcore-log4net-webapi\dotnetcore-log4net-webapi
2022-05-02 07:38:52,327 [4] INFO dotnetcore_log4net_webapi.Controllers.WeatherForecastController - API called. This is INFO message.
2022-05-02 07:38:52,362 [4] WARN dotnetcore_log4net_webapi.Controllers.WeatherForecastController - API called. This is WARN message.
2022-05-02 07:38:52,366 [4] ERROR dotnetcore_log4net_webapi.Controllers.WeatherForecastController - API called. This is ERROR message.
2022-05-02 07:38:54,248 [4] INFO dotnetcore_log4net_webapi.Controllers.WeatherForecastController - API called. This is INFO message.
2022-05-02 07:38:54,253 [4] WARN dotnetcore_log4net_webapi.Controllers.WeatherForecastController - API called. This is WARN message.
2022-05-02 07:38:54,259 [4] ERROR dotnetcore_log4net_webapi.Controllers.WeatherForecastController - API called. This is ERROR message.
2022-05-04 09:55:35,606 [1] INFO Microsoft.Hosting.Lifetime - Application started. Press Ctrl+C to shut down.
2022-05-04 09:55:36,860 [1] INFO Microsoft.Hosting.Lifetime - Hosting environment: Development
2022-05-04 09:55:36,875 [1] INFO Microsoft.Hosting.Lifetime - Content root path: C:\Projects\Test\dotnetcore-log4net-webapi\dotnetcore-log4net-webapi
2022-05-04 09:55:44,880 [6] INFO dotnetcore_log4net_webapi.Controllers.WeatherForecastController - API called. This is INFO message.
2022-05-04 09:55:45,028 [6] WARN dotnetcore_log4net_webapi.Controllers.WeatherForecastController - API called. This is WARN message.
2022-05-04 09:55:45,040 [6] ERROR dotnetcore_log4net_webapi.Controllers.WeatherForecastController - API called. This is ERROR message.
2022-05-04 09:56:04,726 [6] INFO dotnetcore_log4net_webapi.Controllers.WeatherForecastController - API called. This is INFO message.
2022-05-04 09:56:04,743 [6] WARN dotnetcore_log4net_webapi.Controllers.WeatherForecastController - API called. This is WARN message.
2022-05-04 09:56:04,750 [6] ERROR dotnetcore_log4net_webapi.Controllers.WeatherForecastController - API called. This is ERROR message.
2022-05-04 09:57:20,141 [1] INFO Microsoft.Hosting.Lifetime - Application started. Press Ctrl+C to shut down.
2022-05-04 09:57:20,706 [1] INFO Microsoft.Hosting.Lifetime - Hosting environment: Development
2022-05-04 09:57:20,715 [1] INFO Microsoft.Hosting.Lifetime - Content root path: C:\Projects\Test\dotnetcore-log4net-webapi\dotnetcore-log4net-webapi
2022-05-04 09:57:32,318 [4] INFO dotnetcore_log4net_webapi.Controllers.WeatherForecastController - API called. This is INFO message.
2022-05-04 09:57:32,394 [4] WARN dotnetcore_log4net_webapi.Controllers.WeatherForecastController - API called. This is WARN message.
2022-05-04 09:57:32,402 [4] ERROR dotnetcore_log4net_webapi.Controllers.WeatherForecastController - API called. This is ERROR message.
2022-05-04 12:12:59,500 [1] INFO Microsoft.Hosting.Lifetime - Application started. Press Ctrl+C to shut down.
2022-05-04 12:12:59,735 [1] INFO Microsoft.Hosting.Lifetime - Hosting environment: Development
2022-05-04 12:12:59,747 [1] INFO Microsoft.Hosting.Lifetime - Content root path: C:\Projects\Test\dotnetcore-log4net-webapi\dotnetcore-log4net-webapi
2022-05-04 12:19:29,132 [1] INFO Microsoft.Hosting.Lifetime - Application started. Press Ctrl+C to shut down.
2022-05-04 12:19:29,291 [1] INFO Microsoft.Hosting.Lifetime - Hosting environment: Development
2022-05-04 12:19:29,296 [1] INFO Microsoft.Hosting.Lifetime - Content root path: C:\Projects\Test\dotnetcore-log4net-webapi\dotnetcore-log4net-webapi
2022-05-04 12:22:03,632 [1] INFO Microsoft.Hosting.Lifetime - Application started. Press Ctrl+C to shut down.
2022-05-04 12:22:03,815 [1] INFO Microsoft.Hosting.Lifetime - Hosting environment: Development
2022-05-04 12:22:03,822 [1] INFO Microsoft.Hosting.Lifetime - Content root path: C:\Projects\Test\dotnetcore-log4net-webapi\dotnetcore-log4net-webapi
2022-05-04 12:26:46,243 [1] INFO Microsoft.Hosting.Lifetime - Application started. Press Ctrl+C to shut down.
2022-05-04 12:26:46,810 [1] INFO Microsoft.Hosting.Lifetime - Hosting environment: Development
2022-05-04 12:26:46,823 [1] INFO Microsoft.Hosting.Lifetime - Content root path: C:\Projects\Test\dotnetcore-log4net-webapi\dotnetcore-log4net-webapi
2022-05-04 12:27:06,704 [4] INFO dotnetcore_log4net_webapi.Controllers.WeatherForecastController - API called. This is INFO message.
2022-05-04 12:27:06,755 [4] WARN dotnetcore_log4net_webapi.Controllers.WeatherForecastController - API called. This is WARN message.
2022-05-04 12:27:06,761 [4] ERROR dotnetcore_log4net_webapi.Controllers.WeatherForecastController - API called. This is ERROR message.
2022-05-04 12:31:12,249 [1] INFO Microsoft.Hosting.Lifetime - Application started. Press Ctrl+C to shut down.
2022-05-04 12:31:12,453 [1] INFO Microsoft.Hosting.Lifetime - Hosting environment: Development
2022-05-04 12:31:12,459 [1] INFO Microsoft.Hosting.Lifetime - Content root path: C:\Projects\Test\dotnetcore-log4net-webapi\dotnetcore-log4net-webapi
2022-05-04 12:31:20,225 [6] INFO dotnetcore_log4net_webapi.Controllers.WeatherForecastController - API called. This is INFO message.
2022-05-04 12:31:20,255 [6] WARN dotnetcore_log4net_webapi.Controllers.WeatherForecastController - API called. This is WARN message.
2022-05-04 12:31:20,259 [6] ERROR dotnetcore_log4net_webapi.Controllers.WeatherForecastController - API called. This is ERROR message.
2022-05-04 12:31:51,663 [19] INFO dotnetcore_log4net_webapi.Controllers.WeatherForecastController - API called. This is INFO message.
2022-05-04 12:31:51,667 [19] WARN dotnetcore_log4net_webapi.Controllers.WeatherForecastController - API called. This is WARN message.
2022-05-04 12:31:51,672 [19] ERROR dotnetcore_log4net_webapi.Controllers.WeatherForecastController - API called. This is ERROR message.
2022-05-04 12:31:52,724 [24] INFO dotnetcore_log4net_webapi.Controllers.WeatherForecastController - API called. This is INFO message.
2022-05-04 12:31:52,730 [24] WARN dotnetcore_log4net_webapi.Controllers.WeatherForecastController - API called. This is WARN message.
2022-05-04 12:31:52,894 [24] ERROR dotnetcore_log4net_webapi.Controllers.WeatherForecastController - API called. This is ERROR message.
2022-05-04 12:31:53,566 [19] INFO dotnetcore_log4net_webapi.Controllers.WeatherForecastController - API called. This is INFO message.
2022-05-04 12:31:53,570 [19] WARN dotnetcore_log4net_webapi.Controllers.WeatherForecastController - API called. This is WARN message.
2022-05-04 12:31:53,576 [19] ERROR dotnetcore_log4net_webapi.Controllers.WeatherForecastController - API called. This is ERROR message.
2022-05-04 12:31:54,438 [19] INFO dotnetcore_log4net_webapi.Controllers.WeatherForecastController - API called. This is INFO message.
2022-05-04 12:31:54,441 [19] WARN dotnetcore_log4net_webapi.Controllers.WeatherForecastController - API called. This is WARN message.
2022-05-04 12:31:54,446 [19] ERROR dotnetcore_log4net_webapi.Controllers.WeatherForecastController - API called. This is ERROR message.
2022-05-04 12:32:43,944 [1] INFO Microsoft.Hosting.Lifetime - Application started. Press Ctrl+C to shut down.
2022-05-04 12:32:44,146 [1] INFO Microsoft.Hosting.Lifetime - Hosting environment: Development
2022-05-04 12:32:44,152 [1] INFO Microsoft.Hosting.Lifetime - Content root path: C:\Projects\Test\dotnetcore-log4net-webapi\dotnetcore-log4net-webapi
2022-05-04 12:32:50,185 [4] INFO dotnetcore_log4net_webapi.Controllers.WeatherForecastController - API called. This is INFO message.
2022-05-04 12:32:50,216 [4] WARN dotnetcore_log4net_webapi.Controllers.WeatherForecastController - API called. This is WARN message.
2022-05-04 12:32:50,220 [4] ERROR dotnetcore_log4net_webapi.Controllers.WeatherForecastController - API called. This is ERROR message.
2022-05-04 12:32:51,252 [4] INFO dotnetcore_log4net_webapi.Controllers.WeatherForecastController - API called. This is INFO message.
2022-05-04 12:32:51,257 [4] WARN dotnetcore_log4net_webapi.Controllers.WeatherForecastController - API called. This is WARN message.
2022-05-04 12:32:51,262 [4] ERROR dotnetcore_log4net_webapi.Controllers.WeatherForecastController - API called. This is ERROR message.
2022-05-04 12:32:52,846 [4] INFO dotnetcore_log4net_webapi.Controllers.WeatherForecastController - API called. This is INFO message.
2022-05-04 12:32:52,850 [4] WARN dotnetcore_log4net_webapi.Controllers.WeatherForecastController - API called. This is WARN message.
2022-05-04 12:32:52,942 [4] ERROR dotnetcore_log4net_webapi.Controllers.WeatherForecastController - API called. This is ERROR message.
2022-05-04 12:34:59,500 [1] INFO Microsoft.Hosting.Lifetime - Application started. Press Ctrl+C to shut down.
2022-05-04 12:34:59,881 [1] INFO Microsoft.Hosting.Lifetime - Hosting environment: Development
2022-05-04 12:34:59,891 [1] INFO Microsoft.Hosting.Lifetime - Content root path: C:\Projects\Test\dotnetcore-log4net-webapi\dotnetcore-log4net-webapi
2022-05-04 12:35:10,062 [4] INFO dotnetcore_log4net_webapi.Controllers.WeatherForecastController - API called. This is INFO message.
2022-05-04 12:35:10,092 [4] WARN dotnetcore_log4net_webapi.Controllers.WeatherForecastController - API called. This is WARN message.
2022-05-04 12:35:10,099 [4] ERROR dotnetcore_log4net_webapi.Controllers.WeatherForecastController - API called. This is ERROR message.
2022-05-04 12:50:11,154 [1] INFO Microsoft.Hosting.Lifetime - Application started. Press Ctrl+C to shut down.
2022-05-04 12:50:11,803 [1] INFO Microsoft.Hosting.Lifetime - Hosting environment: Development
2022-05-04 12:50:11,827 [1] INFO Microsoft.Hosting.Lifetime - Content root path: C:\Projects\Test\dotnetcore-log4net-webapi\dotnetcore-log4net-webapi
2022-05-04 12:57:35,591 [1] INFO Microsoft.Hosting.Lifetime - Application started. Press Ctrl+C to shut down.
2022-05-04 12:57:36,019 [1] INFO Microsoft.Hosting.Lifetime - Hosting environment: Development
2022-05-04 12:57:36,028 [1] INFO Microsoft.Hosting.Lifetime - Content root path: C:\Projects\Test\dotnetcore-log4net-webapi\dotnetcore-log4net-webapi
2022-05-04 12:57:50,152 [4] INFO dotnetcore_log4net_webapi.Controllers.WeatherForecastController - API called. This is INFO message.
2022-05-04 12:57:50,185 [4] WARN dotnetcore_log4net_webapi.Controllers.WeatherForecastController - API called. This is WARN message.
2022-05-04 12:57:50,193 [4] ERROR dotnetcore_log4net_webapi.Controllers.WeatherForecastController - API called. This is ERROR message.
2022-05-04 13:00:07,475 [1] INFO Microsoft.Hosting.Lifetime - Application started. Press Ctrl+C to shut down.
2022-05-04 13:00:07,971 [1] INFO Microsoft.Hosting.Lifetime - Hosting environment: Development
2022-05-04 13:00:07,984 [1] INFO Microsoft.Hosting.Lifetime - Content root path: C:\Projects\Test\dotnetcore-log4net-webapi\dotnetcore-log4net-webapi
2022-05-04 13:02:44,488 [1] INFO Microsoft.Hosting.Lifetime - Application started. Press Ctrl+C to shut down.
2022-05-04 13:02:44,513 [1] INFO Microsoft.Hosting.Lifetime - Hosting environment: Development
2022-05-04 13:02:44,517 [1] INFO Microsoft.Hosting.Lifetime - Content root path: C:\Projects\Test\dotnetcore-log4net-webapi\dotnetcore-log4net-webapi
2022-05-04 13:03:06,225 [4] INFO dotnetcore_log4net_webapi.Controllers.WeatherForecastController - API called. This is INFO message.
2022-05-04 13:03:06,255 [4] WARN dotnetcore_log4net_webapi.Controllers.WeatherForecastController - API called. This is WARN message.
2022-05-04 13:03:06,259 [4] ERROR dotnetcore_log4net_webapi.Controllers.WeatherForecastController - API called. This is ERROR message.
2022-05-04 13:03:07,423 [9] INFO dotnetcore_log4net_webapi.Controllers.WeatherForecastController - API called. This is INFO message.
2022-05-04 13:03:07,429 [9] WARN dotnetcore_log4net_webapi.Controllers.WeatherForecastController - API called. This is WARN message.
2022-05-04 13:03:07,433 [9] ERROR dotnetcore_log4net_webapi.Controllers.WeatherForecastController - API called. This is ERROR message.
2022-05-04 13:04:11,349 [1] INFO Microsoft.Hosting.Lifetime - Application started. Press Ctrl+C to shut down.
2022-05-04 13:04:13,232 [1] INFO Microsoft.Hosting.Lifetime - Hosting environment: Development
2022-05-04 13:04:13,976 [1] INFO Microsoft.Hosting.Lifetime - Content root path: C:\Projects\Test\dotnetcore-log4net-webapi\dotnetcore-log4net-webapi
2022-05-04 13:06:58,383 [1] INFO Microsoft.Hosting.Lifetime - Application started. Press Ctrl+C to shut down.
2022-05-04 13:06:59,298 [1] INFO Microsoft.Hosting.Lifetime - Hosting environment: Development
2022-05-04 13:06:59,312 [1] INFO Microsoft.Hosting.Lifetime - Content root path: C:\Projects\Test\dotnetcore-log4net-webapi\dotnetcore-log4net-webapi
2022-05-04 13:51:34,850 [1] INFO Microsoft.Hosting.Lifetime - Application started. Press Ctrl+C to shut down.
2022-05-04 13:51:35,222 [1] INFO Microsoft.Hosting.Lifetime - Hosting environment: Development
2022-05-04 13:51:35,230 [1] INFO Microsoft.Hosting.Lifetime - Content root path: C:\Projects\Test\dotnetcore-log4net-webapi\dotnetcore-log4net-webapi
2022-05-04 13:51:54,245 [21] INFO dotnetcore_log4net_webapi.Controllers.WeatherForecastController - API called. This is INFO message.
2022-05-04 13:51:54,280 [21] WARN dotnetcore_log4net_webapi.Controllers.WeatherForecastController - API called. This is WARN message.
2022-05-04 13:51:54,286 [21] ERROR dotnetcore_log4net_webapi.Controllers.WeatherForecastController - API called. This is ERROR message.
2022-05-04 13:52:27,096 [1] INFO Microsoft.Hosting.Lifetime - Application started. Press Ctrl+C to shut down.
2022-05-04 13:52:27,663 [1] INFO Microsoft.Hosting.Lifetime - Hosting environment: Development
2022-05-04 13:52:27,745 [1] INFO Microsoft.Hosting.Lifetime - Content root path: C:\Projects\Test\dotnetcore-log4net-webapi\dotnetcore-log4net-webapi
2022-05-04 13:52:36,455 [5] INFO dotnetcore_log4net_webapi.Controllers.WeatherForecastController - API called. This is INFO message.
2022-05-04 13:52:36,507 [5] WARN dotnetcore_log4net_webapi.Controllers.WeatherForecastController - API called. This is WARN message.
2022-05-04 13:52:36,512 [5] ERROR dotnetcore_log4net_webapi.Controllers.WeatherForecastController - API called. This is ERROR message.
2022-05-04 14:03:27,776 [1] INFO Microsoft.Hosting.Lifetime - Application started. Press Ctrl+C to shut down.
2022-05-04 14:03:28,437 [1] INFO Microsoft.Hosting.Lifetime - Hosting environment: Development
2022-05-04 14:03:28,476 [1] INFO Microsoft.Hosting.Lifetime - Content root path: C:\Projects\Test\dotnetcore-log4net-webapi\dotnetcore-log4net-webapi
2022-05-04 14:06:56,873 [1] INFO Microsoft.Hosting.Lifetime - Application started. Press Ctrl+C to shut down.
2022-05-04 14:06:57,550 [1] INFO Microsoft.Hosting.Lifetime - Hosting environment: Development
2022-05-04 14:06:57,566 [1] INFO Microsoft.Hosting.Lifetime - Content root path: C:\Projects\Test\dotnetcore-log4net-webapi\dotnetcore-log4net-webapi
